2025-05-13T00:18:27.920+01:00  INFO 29624 --- [garderie-service] [restartedMain] c.example.garderie.GarderieApplication   : Starting GarderieApplication using Java 23.0.2 with PID 29624 (C:\Users\nour\Desktop\garde12\BAGARD\garderie\garderie\target\classes started by nour in C:\Users\nour\Desktop\garde12\BAGARD)
2025-05-13T00:18:27.922+01:00  INFO 29624 --- [garderie-service] [restartedMain] c.example.garderie.GarderieApplication   : No active profile set, falling back to 1 default profile: "default"
2025-05-13T00:18:27.976+01:00  INFO 29624 --- [garderie-service] [restartedMain] .e.DevToolsPropertyDefaultsPostProcessor : Devtools property defaults active! Set 'spring.devtools.add-properties' to 'false' to disable
2025-05-13T00:18:27.977+01:00  INFO 29624 --- [garderie-service] [restartedMain] .e.DevToolsPropertyDefaultsPostProcessor : For additional web related logging consider setting the 'logging.level.web' property to 'DEBUG'
2025-05-13T00:18:29.030+01:00  INFO 29624 --- [garderie-service] [restartedMain] .s.d.r.c.RepositoryConfigurationDelegate : Bootstrapping Spring Data JPA repositories in DEFAULT mode.
2025-05-13T00:18:29.121+01:00  INFO 29624 --- [garderie-service] [restartedMain] .s.d.r.c.RepositoryConfigurationDelegate : Finished Spring Data repository scanning in 82 ms. Found 9 JPA repository interfaces.
2025-05-13T00:18:29.803+01:00  INFO 29624 --- [garderie-service] [restartedMain] o.s.b.w.embedded.tomcat.TomcatWebServer  : Tomcat initialized with port 8081 (http)
2025-05-13T00:18:29.814+01:00  INFO 29624 --- [garderie-service] [restartedMain] o.apache.catalina.core.StandardService   : Starting service [Tomcat]
2025-05-13T00:18:29.815+01:00  INFO 29624 --- [garderie-service] [restartedMain] o.apache.catalina.core.StandardEngine    : Starting Servlet engine: [Apache Tomcat/10.1.39]
2025-05-13T00:18:29.869+01:00  INFO 29624 --- [garderie-service] [restartedMain] o.a.c.c.C.[Tomcat].[localhost].[/api]    : Initializing Spring embedded WebApplicationContext
2025-05-13T00:18:29.869+01:00  INFO 29624 --- [garderie-service] [restartedMain] w.s.c.ServletWebServerApplicationContext : Root WebApplicationContext: initialization completed in 1892 ms
2025-05-13T00:18:30.150+01:00  INFO 29624 --- [garderie-service] [restartedMain] o.hibernate.jpa.internal.util.LogHelper  : HHH000204: Processing PersistenceUnitInfo [name: default]
2025-05-13T00:18:30.187+01:00  INFO 29624 --- [garderie-service] [restartedMain] org.hibernate.Version                    : HHH000412: Hibernate ORM core version 6.6.11.Final
2025-05-13T00:18:30.211+01:00  INFO 29624 --- [garderie-service] [restartedMain] o.h.c.internal.RegionFactoryInitiator    : HHH000026: Second-level cache disabled
2025-05-13T00:18:30.422+01:00  INFO 29624 --- [garderie-service] [restartedMain] o.s.o.j.p.SpringPersistenceUnitInfo      : No LoadTimeWeaver setup: ignoring JPA class transformer
2025-05-13T00:18:30.447+01:00  INFO 29624 --- [garderie-service] [restartedMain] com.zaxxer.hikari.HikariDataSource       : HikariPool-1 - Starting...
2025-05-13T00:18:30.571+01:00  INFO 29624 --- [garderie-service] [restartedMain] com.zaxxer.hikari.pool.HikariPool        : HikariPool-1 - Added connection com.mysql.cj.jdbc.ConnectionImpl@32aa4154
2025-05-13T00:18:30.573+01:00  INFO 29624 --- [garderie-service] [restartedMain] com.zaxxer.hikari.HikariDataSource       : HikariPool-1 - Start completed.
2025-05-13T00:18:30.607+01:00  WARN 29624 --- [garderie-service] [restartedMain] org.hibernate.orm.deprecation            : HHH90000025: MySQL8Dialect does not need to be specified explicitly using 'hibernate.dialect' (remove the property setting and it will be selected by default)
2025-05-13T00:18:30.608+01:00  WARN 29624 --- [garderie-service] [restartedMain] org.hibernate.orm.deprecation            : HHH90000026: MySQL8Dialect has been deprecated; use org.hibernate.dialect.MySQLDialect instead
2025-05-13T00:18:30.624+01:00  INFO 29624 --- [garderie-service] [restartedMain] org.hibernate.orm.connections.pooling    : HHH10001005: Database info:
	Database JDBC URL [Connecting through datasource 'HikariDataSource (HikariPool-1)']
	Database driver: undefined/unknown
	Database version: 8.0
	Autocommit mode: undefined/unknown
	Isolation level: undefined/unknown
	Minimum pool size: undefined/unknown
	Maximum pool size: undefined/unknown
2025-05-13T00:18:31.483+01:00  INFO 29624 --- [garderie-service] [restartedMain] o.h.e.t.j.p.i.JtaPlatformInitiator       : HHH000489: No JTA platform available (set 'hibernate.transaction.jta.platform' to enable JTA platform integration)
2025-05-13T00:18:31.575+01:00  INFO 29624 --- [garderie-service] [restartedMain] j.LocalContainerEntityManagerFactoryBean : Initialized JPA EntityManagerFactory for persistence unit 'default'
2025-05-13T00:18:31.885+01:00 DEBUG 29624 --- [garderie-service] [restartedMain] o.s.w.f.ServerHttpObservationFilter      : Filter 'webMvcObservationFilter' configured for use
2025-05-13T00:18:31.961+01:00  INFO 29624 --- [garderie-service] [restartedMain] o.s.d.j.r.query.QueryEnhancerFactory     : Hibernate is in classpath; If applicable, HQL parser will be used.
2025-05-13T00:18:32.488+01:00  INFO 29624 --- [garderie-service] [restartedMain] r$InitializeUserDetailsManagerConfigurer : Global AuthenticationManager configured with UserDetailsService bean with name userServiceImpl
2025-05-13T00:18:32.552+01:00  WARN 29624 --- [garderie-service] [restartedMain] JpaBaseConfiguration$JpaWebConfiguration : spring.jpa.open-in-view is enabled by default. Therefore, database queries may be performed during view rendering. Explicitly configure spring.jpa.open-in-view to disable this warning
2025-05-13T00:18:32.730+01:00 DEBUG 29624 --- [garderie-service] [restartedMain] s.w.s.m.m.a.RequestMappingHandlerMapping : 54 mappings in 'requestMappingHandlerMapping'
2025-05-13T00:18:32.851+01:00 DEBUG 29624 --- [garderie-service] [restartedMain] o.s.w.s.handler.SimpleUrlHandlerMapping  : Patterns [/webjars/**, /**] in 'resourceHandlerMapping'
2025-05-13T00:18:33.046+01:00  INFO 29624 --- [garderie-service] [restartedMain] o.s.b.a.e.web.EndpointLinksResolver      : Exposing 1 endpoint beneath base path '/actuator'
2025-05-13T00:18:33.093+01:00  WARN 29624 --- [garderie-service] [restartedMain] thorizationManagerRequestMatcherRegistry : One of the patterns in [/login, /signup, /auth/**, /api/classes/**,  /api/seances/**, /password-reset/**, /api/users/**] is missing a leading slash. This is discouraged; please include the leading slash in all your request matcher patterns. In future versions of Spring Security, leaving out the leading slash will result in an exception.
2025-05-13T00:18:33.219+01:00  INFO 29624 --- [garderie-service] [restartedMain] o.s.v.b.OptionalValidatorFactoryBean     : Failed to set up a Bean Validation provider: jakarta.validation.NoProviderFoundException: Unable to create a Configuration, because no Jakarta Bean Validation provider could be found. Add a provider like Hibernate Validator (RI) to your classpath.
2025-05-13T00:18:33.264+01:00 DEBUG 29624 --- [garderie-service] [restartedMain] s.w.s.m.m.a.RequestMappingHandlerAdapter : ControllerAdvice beans: 0 @ModelAttribute, 0 @InitBinder, 1 RequestBodyAdvice, 1 ResponseBodyAdvice
2025-05-13T00:18:33.328+01:00 DEBUG 29624 --- [garderie-service] [restartedMain] .m.m.a.ExceptionHandlerExceptionResolver : ControllerAdvice beans: 1 @ExceptionHandler, 1 ResponseBodyAdvice
2025-05-13T00:18:33.550+01:00  INFO 29624 --- [garderie-service] [restartedMain] o.s.b.a.h2.H2ConsoleAutoConfiguration    : H2 console available at '/h2-console'. Database available at 'jdbc:mysql://localhost:3307/gvrt11?createDatabaseIfNotExist=true&useSSL=false&serverTimezone=UTC&allowPublicKeyRetrieval=true'
2025-05-13T00:18:33.616+01:00  INFO 29624 --- [garderie-service] [restartedMain] o.s.b.d.a.OptionalLiveReloadServer       : LiveReload server is running on port 35729
2025-05-13T00:18:33.686+01:00  INFO 29624 --- [garderie-service] [restartedMain] o.s.b.w.embedded.tomcat.TomcatWebServer  : Tomcat started on port 8081 (http) with context path '/api'
2025-05-13T00:18:33.694+01:00  INFO 29624 --- [garderie-service] [restartedMain] c.example.garderie.GarderieApplication   : Started GarderieApplication in 6.347 seconds (process running for 7.227)
2025-05-13T00:18:34.255+01:00 DEBUG 29624 --- [garderie-service] [RMI TCP Connection(2)-192.168.1.19] o.s.jdbc.datasource.DataSourceUtils      : Fetching JDBC Connection from DataSource
2025-05-13T00:18:34.255+01:00  INFO 29624 --- [garderie-service] [RMI TCP Connection(3)-192.168.1.19] o.a.c.c.C.[Tomcat].[localhost].[/api]    : Initializing Spring DispatcherServlet 'dispatcherServlet'
2025-05-13T00:18:34.255+01:00  INFO 29624 --- [garderie-service] [RMI TCP Connection(3)-192.168.1.19] o.s.web.servlet.DispatcherServlet        : Initializing Servlet 'dispatcherServlet'
2025-05-13T00:18:34.256+01:00 DEBUG 29624 --- [garderie-service] [RMI TCP Connection(3)-192.168.1.19] o.s.web.servlet.DispatcherServlet        : Detected StandardServletMultipartResolver
2025-05-13T00:18:34.256+01:00 DEBUG 29624 --- [garderie-service] [RMI TCP Connection(3)-192.168.1.19] o.s.web.servlet.DispatcherServlet        : Detected AcceptHeaderLocaleResolver
2025-05-13T00:18:34.256+01:00 DEBUG 29624 --- [garderie-service] [RMI TCP Connection(3)-192.168.1.19] o.s.web.servlet.DispatcherServlet        : Detected FixedThemeResolver
2025-05-13T00:18:34.257+01:00 DEBUG 29624 --- [garderie-service] [RMI TCP Connection(3)-192.168.1.19] o.s.web.servlet.DispatcherServlet        : Detected org.springframework.web.servlet.view.DefaultRequestToViewNameTranslator@5d69fea
2025-05-13T00:18:34.258+01:00 DEBUG 29624 --- [garderie-service] [RMI TCP Connection(3)-192.168.1.19] o.s.web.servlet.DispatcherServlet        : Detected org.springframework.web.servlet.support.SessionFlashMapManager@5e9e92d7
2025-05-13T00:18:34.258+01:00 DEBUG 29624 --- [garderie-service] [RMI TCP Connection(3)-192.168.1.19] o.s.web.servlet.DispatcherServlet        : enableLoggingRequestDetails='false': request parameters and headers will be masked to prevent unsafe logging of potentially sensitive data
2025-05-13T00:18:34.258+01:00  INFO 29624 --- [garderie-service] [RMI TCP Connection(3)-192.168.1.19] o.s.web.servlet.DispatcherServlet        : Completed initialization in 3 ms
2025-05-13T00:18:34.260+01:00 DEBUG 29624 --- [garderie-service] [RMI TCP Connection(2)-192.168.1.19] o.s.jdbc.datasource.DataSourceUtils      : Fetching JDBC Connection from DataSource
2025-05-13T00:18:49.531+01:00  INFO 29624 --- [garderie-service] [SpringApplicationShutdownHook] o.s.b.w.e.tomcat.GracefulShutdown        : Commencing graceful shutdown. Waiting for active requests to complete
2025-05-13T00:18:49.587+01:00  INFO 29624 --- [garderie-service] [tomcat-shutdown] o.s.b.w.e.tomcat.GracefulShutdown        : Graceful shutdown complete
2025-05-13T00:18:49.653+01:00  INFO 29624 --- [garderie-service] [SpringApplicationShutdownHook] j.LocalContainerEntityManagerFactoryBean : Closing JPA EntityManagerFactory for persistence unit 'default'
2025-05-13T00:18:49.676+01:00  INFO 29624 --- [garderie-service] [SpringApplicationShutdownHook] com.zaxxer.hikari.HikariDataSource       : HikariPool-1 - Shutdown initiated...
2025-05-13T00:18:49.719+01:00  INFO 29624 --- [garderie-service] [SpringApplicationShutdownHook] com.zaxxer.hikari.HikariDataSource       : HikariPool-1 - Shutdown completed.
2025-05-13T00:18:53.846+01:00  INFO 28536 --- [garderie-service] [restartedMain] c.example.garderie.GarderieApplication   : Starting GarderieApplication using Java 23.0.2 with PID 28536 (C:\Users\nour\Desktop\garde12\BAGARD\garderie\garderie\target\classes started by nour in C:\Users\nour\Desktop\garde12\BAGARD)
2025-05-13T00:18:53.848+01:00  INFO 28536 --- [garderie-service] [restartedMain] c.example.garderie.GarderieApplication   : No active profile set, falling back to 1 default profile: "default"
2025-05-13T00:18:53.937+01:00  INFO 28536 --- [garderie-service] [restartedMain] .e.DevToolsPropertyDefaultsPostProcessor : Devtools property defaults active! Set 'spring.devtools.add-properties' to 'false' to disable
2025-05-13T00:18:53.937+01:00  INFO 28536 --- [garderie-service] [restartedMain] .e.DevToolsPropertyDefaultsPostProcessor : For additional web related logging consider setting the 'logging.level.web' property to 'DEBUG'
2025-05-13T00:18:55.427+01:00  INFO 28536 --- [garderie-service] [restartedMain] .s.d.r.c.RepositoryConfigurationDelegate : Bootstrapping Spring Data JPA repositories in DEFAULT mode.
2025-05-13T00:18:55.551+01:00  INFO 28536 --- [garderie-service] [restartedMain] .s.d.r.c.RepositoryConfigurationDelegate : Finished Spring Data repository scanning in 111 ms. Found 9 JPA repository interfaces.
2025-05-13T00:18:56.427+01:00  INFO 28536 --- [garderie-service] [restartedMain] o.s.b.w.embedded.tomcat.TomcatWebServer  : Tomcat initialized with port 8081 (http)
2025-05-13T00:18:56.444+01:00  INFO 28536 --- [garderie-service] [restartedMain] o.apache.catalina.core.StandardService   : Starting service [Tomcat]
2025-05-13T00:18:56.444+01:00  INFO 28536 --- [garderie-service] [restartedMain] o.apache.catalina.core.StandardEngine    : Starting Servlet engine: [Apache Tomcat/10.1.39]
2025-05-13T00:18:56.514+01:00  INFO 28536 --- [garderie-service] [restartedMain] o.a.c.c.C.[Tomcat].[localhost].[/api]    : Initializing Spring embedded WebApplicationContext
2025-05-13T00:18:56.515+01:00  INFO 28536 --- [garderie-service] [restartedMain] w.s.c.ServletWebServerApplicationContext : Root WebApplicationContext: initialization completed in 2577 ms
2025-05-13T00:18:56.849+01:00  INFO 28536 --- [garderie-service] [restartedMain] o.hibernate.jpa.internal.util.LogHelper  : HHH000204: Processing PersistenceUnitInfo [name: default]
2025-05-13T00:18:56.891+01:00  INFO 28536 --- [garderie-service] [restartedMain] org.hibernate.Version                    : HHH000412: Hibernate ORM core version 6.6.11.Final
2025-05-13T00:18:56.917+01:00  INFO 28536 --- [garderie-service] [restartedMain] o.h.c.internal.RegionFactoryInitiator    : HHH000026: Second-level cache disabled
2025-05-13T00:18:57.157+01:00  INFO 28536 --- [garderie-service] [restartedMain] o.s.o.j.p.SpringPersistenceUnitInfo      : No LoadTimeWeaver setup: ignoring JPA class transformer
2025-05-13T00:18:57.190+01:00  INFO 28536 --- [garderie-service] [restartedMain] com.zaxxer.hikari.HikariDataSource       : HikariPool-1 - Starting...
2025-05-13T00:18:57.331+01:00  INFO 28536 --- [garderie-service] [restartedMain] com.zaxxer.hikari.pool.HikariPool        : HikariPool-1 - Added connection com.mysql.cj.jdbc.ConnectionImpl@66f18d96
2025-05-13T00:18:57.332+01:00  INFO 28536 --- [garderie-service] [restartedMain] com.zaxxer.hikari.HikariDataSource       : HikariPool-1 - Start completed.
2025-05-13T00:18:57.374+01:00  WARN 28536 --- [garderie-service] [restartedMain] org.hibernate.orm.deprecation            : HHH90000025: MySQL8Dialect does not need to be specified explicitly using 'hibernate.dialect' (remove the property setting and it will be selected by default)
2025-05-13T00:18:57.375+01:00  WARN 28536 --- [garderie-service] [restartedMain] org.hibernate.orm.deprecation            : HHH90000026: MySQL8Dialect has been deprecated; use org.hibernate.dialect.MySQLDialect instead
2025-05-13T00:18:57.393+01:00  INFO 28536 --- [garderie-service] [restartedMain] org.hibernate.orm.connections.pooling    : HHH10001005: Database info:
	Database JDBC URL [Connecting through datasource 'HikariDataSource (HikariPool-1)']
	Database driver: undefined/unknown
	Database version: 8.0
	Autocommit mode: undefined/unknown
	Isolation level: undefined/unknown
	Minimum pool size: undefined/unknown
	Maximum pool size: undefined/unknown
2025-05-13T00:18:58.381+01:00  INFO 28536 --- [garderie-service] [restartedMain] o.h.e.t.j.p.i.JtaPlatformInitiator       : HHH000489: No JTA platform available (set 'hibernate.transaction.jta.platform' to enable JTA platform integration)
2025-05-13T00:18:58.491+01:00  INFO 28536 --- [garderie-service] [restartedMain] j.LocalContainerEntityManagerFactoryBean : Initialized JPA EntityManagerFactory for persistence unit 'default'
2025-05-13T00:18:58.803+01:00 DEBUG 28536 --- [garderie-service] [restartedMain] o.s.w.f.ServerHttpObservationFilter      : Filter 'webMvcObservationFilter' configured for use
2025-05-13T00:18:58.880+01:00  INFO 28536 --- [garderie-service] [restartedMain] o.s.d.j.r.query.QueryEnhancerFactory     : Hibernate is in classpath; If applicable, HQL parser will be used.
2025-05-13T00:18:59.442+01:00  INFO 28536 --- [garderie-service] [restartedMain] r$InitializeUserDetailsManagerConfigurer : Global AuthenticationManager configured with UserDetailsService bean with name userServiceImpl
2025-05-13T00:18:59.507+01:00  WARN 28536 --- [garderie-service] [restartedMain] JpaBaseConfiguration$JpaWebConfiguration : spring.jpa.open-in-view is enabled by default. Therefore, database queries may be performed during view rendering. Explicitly configure spring.jpa.open-in-view to disable this warning
2025-05-13T00:18:59.712+01:00 DEBUG 28536 --- [garderie-service] [restartedMain] s.w.s.m.m.a.RequestMappingHandlerMapping : 54 mappings in 'requestMappingHandlerMapping'
2025-05-13T00:18:59.848+01:00 DEBUG 28536 --- [garderie-service] [restartedMain] o.s.w.s.handler.SimpleUrlHandlerMapping  : Patterns [/webjars/**, /**] in 'resourceHandlerMapping'
2025-05-13T00:19:00.040+01:00  INFO 28536 --- [garderie-service] [restartedMain] o.s.b.a.e.web.EndpointLinksResolver      : Exposing 1 endpoint beneath base path '/actuator'
2025-05-13T00:19:00.090+01:00  WARN 28536 --- [garderie-service] [restartedMain] thorizationManagerRequestMatcherRegistry : One of the patterns in [/login, /signup, /auth/**, /api/classes/**,  /api/seances/**, /password-reset/**, /api/users/**] is missing a leading slash. This is discouraged; please include the leading slash in all your request matcher patterns. In future versions of Spring Security, leaving out the leading slash will result in an exception.
2025-05-13T00:19:00.203+01:00  INFO 28536 --- [garderie-service] [restartedMain] o.s.v.b.OptionalValidatorFactoryBean     : Failed to set up a Bean Validation provider: jakarta.validation.NoProviderFoundException: Unable to create a Configuration, because no Jakarta Bean Validation provider could be found. Add a provider like Hibernate Validator (RI) to your classpath.
2025-05-13T00:19:00.249+01:00 DEBUG 28536 --- [garderie-service] [restartedMain] s.w.s.m.m.a.RequestMappingHandlerAdapter : ControllerAdvice beans: 0 @ModelAttribute, 0 @InitBinder, 1 RequestBodyAdvice, 1 ResponseBodyAdvice
2025-05-13T00:19:00.411+01:00 DEBUG 28536 --- [garderie-service] [restartedMain] .m.m.a.ExceptionHandlerExceptionResolver : ControllerAdvice beans: 1 @ExceptionHandler, 1 ResponseBodyAdvice
2025-05-13T00:19:01.245+01:00  INFO 28536 --- [garderie-service] [restartedMain] o.s.b.a.h2.H2ConsoleAutoConfiguration    : H2 console available at '/h2-console'. Database available at 'jdbc:mysql://localhost:3307/gvrt11?createDatabaseIfNotExist=true&useSSL=false&serverTimezone=UTC&allowPublicKeyRetrieval=true'
2025-05-13T00:19:01.457+01:00  INFO 28536 --- [garderie-service] [restartedMain] o.s.b.d.a.OptionalLiveReloadServer       : LiveReload server is running on port 35729
2025-05-13T00:19:01.651+01:00  INFO 28536 --- [garderie-service] [restartedMain] o.s.b.w.embedded.tomcat.TomcatWebServer  : Tomcat started on port 8081 (http) with context path '/api'
2025-05-13T00:19:01.678+01:00  INFO 28536 --- [garderie-service] [restartedMain] c.example.garderie.GarderieApplication   : Started GarderieApplication in 8.474 seconds (process running for 9.395)
2025-05-13T00:19:02.517+01:00  INFO 28536 --- [garderie-service] [RMI TCP Connection(2)-192.168.1.19] o.a.c.c.C.[Tomcat].[localhost].[/api]    : Initializing Spring DispatcherServlet 'dispatcherServlet'
2025-05-13T00:19:02.518+01:00  INFO 28536 --- [garderie-service] [RMI TCP Connection(2)-192.168.1.19] o.s.web.servlet.DispatcherServlet        : Initializing Servlet 'dispatcherServlet'
2025-05-13T00:19:02.518+01:00 DEBUG 28536 --- [garderie-service] [RMI TCP Connection(1)-192.168.1.19] o.s.jdbc.datasource.DataSourceUtils      : Fetching JDBC Connection from DataSource
2025-05-13T00:19:02.518+01:00 DEBUG 28536 --- [garderie-service] [RMI TCP Connection(2)-192.168.1.19] o.s.web.servlet.DispatcherServlet        : Detected StandardServletMultipartResolver
2025-05-13T00:19:02.519+01:00 DEBUG 28536 --- [garderie-service] [RMI TCP Connection(2)-192.168.1.19] o.s.web.servlet.DispatcherServlet        : Detected AcceptHeaderLocaleResolver
2025-05-13T00:19:02.519+01:00 DEBUG 28536 --- [garderie-service] [RMI TCP Connection(2)-192.168.1.19] o.s.web.servlet.DispatcherServlet        : Detected FixedThemeResolver
2025-05-13T00:19:02.522+01:00 DEBUG 28536 --- [garderie-service] [RMI TCP Connection(2)-192.168.1.19] o.s.web.servlet.DispatcherServlet        : Detected org.springframework.web.servlet.view.DefaultRequestToViewNameTranslator@102a9ef6
2025-05-13T00:19:02.524+01:00 DEBUG 28536 --- [garderie-service] [RMI TCP Connection(2)-192.168.1.19] o.s.web.servlet.DispatcherServlet        : Detected org.springframework.web.servlet.support.SessionFlashMapManager@10d07e2a
2025-05-13T00:19:02.524+01:00 DEBUG 28536 --- [garderie-service] [RMI TCP Connection(2)-192.168.1.19] o.s.web.servlet.DispatcherServlet        : enableLoggingRequestDetails='false': request parameters and headers will be masked to prevent unsafe logging of potentially sensitive data
2025-05-13T00:19:02.524+01:00  INFO 28536 --- [garderie-service] [RMI TCP Connection(2)-192.168.1.19] o.s.web.servlet.DispatcherServlet        : Completed initialization in 6 ms
2025-05-13T00:19:02.527+01:00 DEBUG 28536 --- [garderie-service] [RMI TCP Connection(1)-192.168.1.19] o.s.jdbc.datasource.DataSourceUtils      : Fetching JDBC Connection from DataSource
2025-05-13T00:21:29.613+01:00  INFO 28536 --- [garderie-service] [SpringApplicationShutdownHook] o.s.b.w.e.tomcat.GracefulShutdown        : Commencing graceful shutdown. Waiting for active requests to complete
2025-05-13T00:21:29.639+01:00  INFO 28536 --- [garderie-service] [tomcat-shutdown] o.s.b.w.e.tomcat.GracefulShutdown        : Graceful shutdown complete
2025-05-13T00:21:29.650+01:00  INFO 28536 --- [garderie-service] [SpringApplicationShutdownHook] j.LocalContainerEntityManagerFactoryBean : Closing JPA EntityManagerFactory for persistence unit 'default'
2025-05-13T00:21:29.653+01:00  INFO 28536 --- [garderie-service] [SpringApplicationShutdownHook] com.zaxxer.hikari.HikariDataSource       : HikariPool-1 - Shutdown initiated...
2025-05-13T00:21:29.662+01:00  INFO 28536 --- [garderie-service] [SpringApplicationShutdownHook] com.zaxxer.hikari.HikariDataSource       : HikariPool-1 - Shutdown completed.
